===============================================================
LISTING
===============================================================
Compilation started: Oct 16 2022 18:30:13
---------------------------------------------------------------
    0000 0x07 inp
    0001 0x82 pop
    0002 0x03
    0003 0x00
    0004 0x00
    0005 0x00
    0006 0x07 inp
    0007 0x01 push
    0008 0x00
    0009 0x00
    0010 0x00
    0011 0x00
    0012 0x00
    0013 0x00
    0014 0x10
    0015 0x40
    0016 0x06 div
    0017 0x82 pop
    0018 0x04
    0019 0x00
    0020 0x00
    0021 0x00
    0022 0x01 push
    0023 0x00
    0024 0x00
    0025 0x00
    0026 0x00
    0027 0x00
    0028 0x80
    0029 0x41
    0030 0x40
    0031 0x82 pop
    0032 0x05
    0033 0x00
    0034 0x00
    0035 0x00
    0036 0x19 vsetx
    0037 0xA0
    0038 0x00
    0039 0x00
    0040 0x00
    0041 0x1A vsety
    0042 0x50
    0043 0x00
    0044 0x00
    0045 0x00
    0046 0x01 push
    0047 0x00
    0048 0x00
    0049 0x00
    0050 0x00
    0051 0x00
    0052 0x00
    0053 0xF0
    0054 0x3F
    0055 0x82 pop
    0056 0x06
    0057 0x00
    0058 0x00
    0059 0x00
    0060 0x01 push
    0061 0x00
    0062 0x00
    0063 0x00
    0064 0x00
    0065 0x00
    0066 0x00
    0067 0x00
    0068 0x00
    0069 0x82 pop
    0070 0x08
    0071 0x00
    0072 0x00
    0073 0x00
    0074 0x01 push
    0075 0x00
    0076 0x00
    0077 0x00
    0078 0x00
    0079 0x00
    0080 0x00
    0081 0x00
    0082 0x00
    0083 0x82 pop
    0084 0x09
    0085 0x00
    0086 0x00
    0087 0x00
    0088 0x01 push
    0089 0x00
    0090 0x00
    0091 0x00
    0092 0x00
    0093 0x00
    0094 0x00
    0095 0x64
    0096 0x40
    0097 0x42 pop
    0098 0x01
    0099 0x01 push
    0100 0x00
    0101 0x00
    0102 0x00
    0103 0x00
    0104 0x00
    0105 0x00
    0106 0x54
    0107 0x40
    0108 0x42 pop
    0109 0x02
    0110 0x01 push
    0111 0x00
    0112 0x00
    0113 0x00
    0114 0x00
    0115 0x00
    0116 0x00
    0117 0x59
    0118 0x40
    0119 0x42 pop
    0120 0x03
    0121 0x41 push
    0122 0x01
    0123 0x41 push
    0124 0x02
    0125 0x05 mul
    0126 0x01 push
    0127 0x00
    0128 0x00
    0129 0x00
    0130 0x00
    0131 0x00
    0132 0x00
    0133 0x26
    0134 0x40
    0135 0x04 sub
    0136 0x41 push
    0137 0x03
    0138 0x03 add
    0139 0x82 pop
    0140 0x02
    0141 0x00
    0142 0x00
    0143 0x00
added label: bgn: 144  [90 00 00 00]
    0144 0x01 push
    0145 0x00
    0146 0x00
    0147 0x00
    0148 0x00
    0149 0x00
    0150 0x00
    0151 0x59
    0152 0x40
    0153 0x42 pop
    0154 0x04
added label: strt: 155  [9B 00 00 00]
    0155 0x12 call
skipped 4 bytes (label 'foo' not found)
    0160 0x41 push
    0161 0x04
    0162 0x0A dup
    0163 0x81 push
    0164 0x02
    0165 0x00
    0166 0x00
    0167 0x00
    0168 0x0C ja
    0169 0x9B
    0170 0x00
    0171 0x00
    0172 0x00
added label: end: 173  [AD 00 00 00]
    0173 0x1C clrscr
    0174 0x1B updscr
    0175 0x81 push
    0176 0x06
    0177 0x00
    0178 0x00
    0179 0x00
    0180 0x01 push
    0181 0x00
    0182 0x00
    0183 0x00
    0184 0x00
    0185 0x00
    0186 0x00
    0187 0xF0
    0188 0x3F
    0189 0x11 jne
skipped 4 bytes (label 'anth' not found)
    0194 0x81 push
    0195 0x06
    0196 0x00
    0197 0x00
    0198 0x00
    0199 0x82 pop
    0200 0x07
    0201 0x00
    0202 0x00
    0203 0x00
    0204 0x81 push
    0205 0x03
    0206 0x00
    0207 0x00
    0208 0x00
    0209 0x01 push
    0210 0x33
    0211 0x33
    0212 0x33
    0213 0x33
    0214 0x33
    0215 0x33
    0216 0xF3
    0217 0x3F
    0218 0x05 mul
    0219 0x0A dup
    0220 0x01 push
    0221 0x00
    0222 0x00
    0223 0x00
    0224 0x00
    0225 0x00
    0226 0x70
    0227 0xA7
    0228 0x40
    0229 0x0C ja
skipped 4 bytes (label 'buf1' not found)
    0234 0x12 call
skipped 4 bytes (label 'chng' not found)
added label: buf1: 239  [EF 00 00 00]
    0239 0x82 pop
    0240 0x03
    0241 0x00
    0242 0x00
    0243 0x00
    0244 0x81 push
    0245 0x04
    0246 0x00
    0247 0x00
    0248 0x00
    0249 0x01 push
    0250 0x33
    0251 0x33
    0252 0x33
    0253 0x33
    0254 0x33
    0255 0x33
    0256 0xF3
    0257 0x3F
    0258 0x05 mul
    0259 0x0A dup
    0260 0x01 push
    0261 0x00
    0262 0x00
    0263 0x00
    0264 0x00
    0265 0x00
    0266 0x70
    0267 0x97
    0268 0x40
    0269 0x0C ja
skipped 4 bytes (label 'buf3' not found)
    0274 0x12 call
skipped 4 bytes (label 'chng' not found)
added label: buf3: 279  [17 01 00 00]
    0279 0x82 pop
    0280 0x04
    0281 0x00
    0282 0x00
    0283 0x00
    0284 0x0B jump
skipped 4 bytes (label 'label4' not found)
added label: anth: 289  [21 01 00 00]
    0289 0x81 push
    0290 0x06
    0291 0x00
    0292 0x00
    0293 0x00
    0294 0x82 pop
    0295 0x07
    0296 0x00
    0297 0x00
    0298 0x00
    0299 0x81 push
    0300 0x03
    0301 0x00
    0302 0x00
    0303 0x00
    0304 0x01 push
    0305 0x9A
    0306 0x99
    0307 0x99
    0308 0x99
    0309 0x99
    0310 0x99
    0311 0xF9
    0312 0x3F
    0313 0x06 div
    0314 0x0A dup
    0315 0x01 push
    0316 0x00
    0317 0x00
    0318 0x00
    0319 0x00
    0320 0x00
    0321 0x00
    0322 0x59
    0323 0x40
    0324 0x0D jb
skipped 4 bytes (label 'buf6' not found)
    0329 0x12 call
skipped 4 bytes (label 'chng' not found)
added label: buf6: 334  [4E 01 00 00]
    0334 0x82 pop
    0335 0x03
    0336 0x00
    0337 0x00
    0338 0x00
    0339 0x81 push
    0340 0x04
    0341 0x00
    0342 0x00
    0343 0x00
    0344 0x01 push
    0345 0x00
    0346 0x00
    0347 0x00
    0348 0x00
    0349 0x00
    0350 0x00
    0351 0xF8
    0352 0x3F
    0353 0x06 div
    0354 0x0A dup
    0355 0x01 push
    0356 0x00
    0357 0x00
    0358 0x00
    0359 0x00
    0360 0x00
    0361 0x00
    0362 0x49
    0363 0x40
    0364 0x0D jb
skipped 4 bytes (label 'buf8' not found)
    0369 0x12 call
skipped 4 bytes (label 'chng' not found)
added label: buf8: 374  [76 01 00 00]
    0374 0x82 pop
    0375 0x04
    0376 0x00
    0377 0x00
    0378 0x00
added label: label4: 379  [7B 01 00 00]
    0379 0x0B jump
    0380 0x90
    0381 0x00
    0382 0x00
    0383 0x00
    0384 0x00 hlt
added label: foo: 385  [81 01 00 00]
    0385 0x41 push
    0386 0x04
    0387 0x0A dup
    0388 0x41 push
    0389 0x03
    0390 0x04 sub
    0391 0x0A dup
    0392 0x41 push
    0393 0x01
    0394 0x12 call
skipped 4 bytes (label 'Mod' not found)
    0399 0x41 push
    0400 0x01
    0401 0x01 push
    0402 0x00
    0403 0x00
    0404 0x00
    0405 0x00
    0406 0x00
    0407 0x00
    0408 0x00
    0409 0x40
    0410 0x06 div
    0411 0x04 sub
    0412 0x0A dup
    0413 0x05 mul
    0414 0x82 pop
    0415 0x00
    0416 0x00
    0417 0x00
    0418 0x00
    0419 0x12 call
skipped 4 bytes (label 'if' not found)
    0424 0x01 push
    0425 0x00
    0426 0x00
    0427 0x00
    0428 0x00
    0429 0x00
    0430 0x00
    0431 0xF0
    0432 0x3F
    0433 0x0C ja
skipped 4 bytes (label 'else1' not found)
    0438 0x12 call
skipped 4 bytes (label 'pnt' not found)
    0443 0x0B jump
skipped 4 bytes (label 'else2' not found)
added label: else1: 448  [C0 01 00 00]
    0448 0x01 push
    0449 0x00
    0450 0x00
    0451 0x00
    0452 0x00
    0453 0x00
    0454 0x00
    0455 0x00
    0456 0x00
    0457 0xC2 pop
    0458 0x04
added label: else2: 459  [CB 01 00 00]
    0459 0x01 push
    0460 0x00
    0461 0x00
    0462 0x00
    0463 0x00
    0464 0x00
    0465 0x00
    0466 0xF0
    0467 0x3F
    0468 0x03 add
    0469 0x42 pop
    0470 0x04
    0471 0x13 ret
added label: Mod: 472  [D8 01 00 00]
    0472 0x06 div
    0473 0x18 floor
    0474 0x0A dup
    0475 0x41 push
    0476 0x02
    0477 0x01 push
    0478 0x00
    0479 0x00
    0480 0x00
    0481 0x00
    0482 0x00
    0483 0x00
    0484 0x00
    0485 0x40
    0486 0x06 div
    0487 0x04 sub
    0488 0x0A dup
    0489 0x05 mul
    0490 0x82 pop
    0491 0x01
    0492 0x00
    0493 0x00
    0494 0x00
    0495 0x41 push
    0496 0x01
    0497 0x05 mul
    0498 0x04 sub
    0499 0x13 ret
added label: if: 500  [F4 01 00 00]
    0500 0x81 push
    0501 0x00
    0502 0x00
    0503 0x00
    0504 0x00
    0505 0x0A dup
    0506 0x01 push
    0507 0x00
    0508 0x00
    0509 0x00
    0510 0x00
    0511 0x00
    0512 0x00
    0513 0x00
    0514 0x00
    0515 0x11 jne
skipped 4 bytes (label 'l1' not found)
    0520 0x01 push
    0521 0x00
    0522 0x00
    0523 0x00
    0524 0x00
    0525 0x00
    0526 0x00
    0527 0xF0
    0528 0xBF
    0529 0x05 mul
added label: l1: 530  [12 02 00 00]
    0530 0x81 push
    0531 0x03
    0532 0x00
    0533 0x00
    0534 0x00
    0535 0x06 div
    0536 0x81 push
    0537 0x01
    0538 0x00
    0539 0x00
    0540 0x00
    0541 0x0A dup
    0542 0x01 push
    0543 0x00
    0544 0x00
    0545 0x00
    0546 0x00
    0547 0x00
    0548 0x00
    0549 0x00
    0550 0x00
    0551 0x11 jne
skipped 4 bytes (label 'l2' not found)
    0556 0x01 push
    0557 0x00
    0558 0x00
    0559 0x00
    0560 0x00
    0561 0x00
    0562 0x00
    0563 0xF0
    0564 0xBF
    0565 0x05 mul
added label: l2: 566  [36 02 00 00]
    0566 0x81 push
    0567 0x04
    0568 0x00
    0569 0x00
    0570 0x00
    0571 0x06 div
    0572 0x03 add
    0573 0x01 push
    0574 0x00
    0575 0x00
    0576 0x00
    0577 0x00
    0578 0x00
    0579 0x00
    0580 0xF0
    0581 0x3F
    0582 0x0E jae
skipped 4 bytes (label 'da' not found)
    0587 0x01 push
    0588 0x00
    0589 0x00
    0590 0x00
    0591 0x00
    0592 0x00
    0593 0x00
    0594 0x00
    0595 0x00
    0596 0x13 ret
added label: da: 597  [55 02 00 00]
    0597 0x81 push
    0598 0x00
    0599 0x00
    0600 0x00
    0601 0x00
    0602 0x0A dup
    0603 0x01 push
    0604 0x00
    0605 0x00
    0606 0x00
    0607 0x00
    0608 0x00
    0609 0x00
    0610 0x00
    0611 0x00
    0612 0x11 jne
skipped 4 bytes (label 'l3' not found)
    0617 0x01 push
    0618 0x00
    0619 0x00
    0620 0x00
    0621 0x00
    0622 0x00
    0623 0x00
    0624 0xF0
    0625 0xBF
    0626 0x05 mul
added label: l3: 627  [73 02 00 00]
    0627 0x81 push
    0628 0x03
    0629 0x00
    0630 0x00
    0631 0x00
    0632 0x01 push
    0633 0x00
    0634 0x00
    0635 0x00
    0636 0x00
    0637 0x00
    0638 0x00
    0639 0x00
    0640 0x40
    0641 0x06 div
    0642 0x06 div
    0643 0x81 push
    0644 0x01
    0645 0x00
    0646 0x00
    0647 0x00
    0648 0x0A dup
    0649 0x01 push
    0650 0x00
    0651 0x00
    0652 0x00
    0653 0x00
    0654 0x00
    0655 0x00
    0656 0x00
    0657 0x00
    0658 0x11 jne
skipped 4 bytes (label 'l4' not found)
    0663 0x01 push
    0664 0x00
    0665 0x00
    0666 0x00
    0667 0x00
    0668 0x00
    0669 0x00
    0670 0xF0
    0671 0xBF
    0672 0x05 mul
added label: l4: 673  [A1 02 00 00]
    0673 0x81 push
    0674 0x04
    0675 0x00
    0676 0x00
    0677 0x00
    0678 0x01 push
    0679 0x00
    0680 0x00
    0681 0x00
    0682 0x00
    0683 0x00
    0684 0x00
    0685 0x00
    0686 0x40
    0687 0x06 div
    0688 0x06 div
    0689 0x03 add
    0690 0x01 push
    0691 0x00
    0692 0x00
    0693 0x00
    0694 0x00
    0695 0x00
    0696 0x00
    0697 0xF0
    0698 0x3F
    0699 0x0D jb
skipped 4 bytes (label 'daa' not found)
    0704 0x01 push
    0705 0x00
    0706 0x00
    0707 0x00
    0708 0x00
    0709 0x00
    0710 0x00
    0711 0x00
    0712 0x00
    0713 0x13 ret
added label: daa: 714  [CA 02 00 00]
    0714 0x01 push
    0715 0x00
    0716 0x00
    0717 0x00
    0718 0x00
    0719 0x00
    0720 0x00
    0721 0xF0
    0722 0x3F
    0723 0x13 ret
added label: pnt: 724  [D4 02 00 00]
    0724 0x81 push
    0725 0x05
    0726 0x00
    0727 0x00
    0728 0x00
    0729 0xC2 pop
    0730 0x04
    0731 0x13 ret
added label: chng: 732  [DC 02 00 00]
    0732 0x81 push
    0733 0x06
    0734 0x00
    0735 0x00
    0736 0x00
    0737 0x81 push
    0738 0x07
    0739 0x00
    0740 0x00
    0741 0x00
    0742 0x09 dump
    0743 0x11 jne
skipped 4 bytes (label 'rtrn' not found)
    0748 0x81 push
    0749 0x06
    0750 0x00
    0751 0x00
    0752 0x00
    0753 0x01 push
    0754 0x00
    0755 0x00
    0756 0x00
    0757 0x00
    0758 0x00
    0759 0x00
    0760 0xF0
    0761 0x3F
    0762 0x10 je
skipped 4 bytes (label 'chng1' not found)
    0767 0x01 push
    0768 0x00
    0769 0x00
    0770 0x00
    0771 0x00
    0772 0x00
    0773 0x00
    0774 0xF0
    0775 0x3F
    0776 0x82 pop
    0777 0x06
    0778 0x00
    0779 0x00
    0780 0x00
    0781 0x13 ret
added label: chng1: 782  [0E 03 00 00]
    0782 0x01 push
    0783 0x00
    0784 0x00
    0785 0x00
    0786 0x00
    0787 0x00
    0788 0x00
    0789 0x00
    0790 0x00
    0791 0x82 pop
    0792 0x06
    0793 0x00
    0794 0x00
    0795 0x00
    0796 0x13 ret
added label: rtrn: 797  [1D 03 00 00]
    0797 0x13 ret
---------------------------------------------------------------
Round 1 ended
---------------------------------------------------------------
    0000 0x07 inp
    0001 0x82 pop
    0002 0x03
    0003 0x00
    0004 0x00
    0005 0x00
    0006 0x07 inp
    0007 0x01 push
    0008 0x00
    0009 0x00
    0010 0x00
    0011 0x00
    0012 0x00
    0013 0x00
    0014 0x10
    0015 0x40
    0016 0x06 div
    0017 0x82 pop
    0018 0x04
    0019 0x00
    0020 0x00
    0021 0x00
    0022 0x01 push
    0023 0x00
    0024 0x00
    0025 0x00
    0026 0x00
    0027 0x00
    0028 0x80
    0029 0x41
    0030 0x40
    0031 0x82 pop
    0032 0x05
    0033 0x00
    0034 0x00
    0035 0x00
    0036 0x19 vsetx
    0037 0xA0
    0038 0x00
    0039 0x00
    0040 0x00
    0041 0x1A vsety
    0042 0x50
    0043 0x00
    0044 0x00
    0045 0x00
    0046 0x01 push
    0047 0x00
    0048 0x00
    0049 0x00
    0050 0x00
    0051 0x00
    0052 0x00
    0053 0xF0
    0054 0x3F
    0055 0x82 pop
    0056 0x06
    0057 0x00
    0058 0x00
    0059 0x00
    0060 0x01 push
    0061 0x00
    0062 0x00
    0063 0x00
    0064 0x00
    0065 0x00
    0066 0x00
    0067 0x00
    0068 0x00
    0069 0x82 pop
    0070 0x08
    0071 0x00
    0072 0x00
    0073 0x00
    0074 0x01 push
    0075 0x00
    0076 0x00
    0077 0x00
    0078 0x00
    0079 0x00
    0080 0x00
    0081 0x00
    0082 0x00
    0083 0x82 pop
    0084 0x09
    0085 0x00
    0086 0x00
    0087 0x00
    0088 0x01 push
    0089 0x00
    0090 0x00
    0091 0x00
    0092 0x00
    0093 0x00
    0094 0x00
    0095 0x64
    0096 0x40
    0097 0x42 pop
    0098 0x01
    0099 0x01 push
    0100 0x00
    0101 0x00
    0102 0x00
    0103 0x00
    0104 0x00
    0105 0x00
    0106 0x54
    0107 0x40
    0108 0x42 pop
    0109 0x02
    0110 0x01 push
    0111 0x00
    0112 0x00
    0113 0x00
    0114 0x00
    0115 0x00
    0116 0x00
    0117 0x59
    0118 0x40
    0119 0x42 pop
    0120 0x03
    0121 0x41 push
    0122 0x01
    0123 0x41 push
    0124 0x02
    0125 0x05 mul
    0126 0x01 push
    0127 0x00
    0128 0x00
    0129 0x00
    0130 0x00
    0131 0x00
    0132 0x00
    0133 0x26
    0134 0x40
    0135 0x04 sub
    0136 0x41 push
    0137 0x03
    0138 0x03 add
    0139 0x82 pop
    0140 0x02
    0141 0x00
    0142 0x00
    0143 0x00
    0144 0x01 push
    0145 0x00
    0146 0x00
    0147 0x00
    0148 0x00
    0149 0x00
    0150 0x00
    0151 0x59
    0152 0x40
    0153 0x42 pop
    0154 0x04
    0155 0x12 call
    0156 0x81
    0157 0x01
    0158 0x00
    0159 0x00
    0160 0x41 push
    0161 0x04
    0162 0x0A dup
    0163 0x81 push
    0164 0x02
    0165 0x00
    0166 0x00
    0167 0x00
    0168 0x0C ja
    0169 0x9B
    0170 0x00
    0171 0x00
    0172 0x00
    0173 0x1C clrscr
    0174 0x1B updscr
    0175 0x81 push
    0176 0x06
    0177 0x00
    0178 0x00
    0179 0x00
    0180 0x01 push
    0181 0x00
    0182 0x00
    0183 0x00
    0184 0x00
    0185 0x00
    0186 0x00
    0187 0xF0
    0188 0x3F
    0189 0x11 jne
    0190 0x21
    0191 0x01
    0192 0x00
    0193 0x00
    0194 0x81 push
    0195 0x06
    0196 0x00
    0197 0x00
    0198 0x00
    0199 0x82 pop
    0200 0x07
    0201 0x00
    0202 0x00
    0203 0x00
    0204 0x81 push
    0205 0x03
    0206 0x00
    0207 0x00
    0208 0x00
    0209 0x01 push
    0210 0x33
    0211 0x33
    0212 0x33
    0213 0x33
    0214 0x33
    0215 0x33
    0216 0xF3
    0217 0x3F
    0218 0x05 mul
    0219 0x0A dup
    0220 0x01 push
    0221 0x00
    0222 0x00
    0223 0x00
    0224 0x00
    0225 0x00
    0226 0x70
    0227 0xA7
    0228 0x40
    0229 0x0C ja
    0230 0xEF
    0231 0x00
    0232 0x00
    0233 0x00
    0234 0x12 call
    0235 0xDC
    0236 0x02
    0237 0x00
    0238 0x00
    0239 0x82 pop
    0240 0x03
    0241 0x00
    0242 0x00
    0243 0x00
    0244 0x81 push
    0245 0x04
    0246 0x00
    0247 0x00
    0248 0x00
    0249 0x01 push
    0250 0x33
    0251 0x33
    0252 0x33
    0253 0x33
    0254 0x33
    0255 0x33
    0256 0xF3
    0257 0x3F
    0258 0x05 mul
    0259 0x0A dup
    0260 0x01 push
    0261 0x00
    0262 0x00
    0263 0x00
    0264 0x00
    0265 0x00
    0266 0x70
    0267 0x97
    0268 0x40
    0269 0x0C ja
    0270 0x17
    0271 0x01
    0272 0x00
    0273 0x00
    0274 0x12 call
    0275 0xDC
    0276 0x02
    0277 0x00
    0278 0x00
    0279 0x82 pop
    0280 0x04
    0281 0x00
    0282 0x00
    0283 0x00
    0284 0x0B jump
    0285 0x7B
    0286 0x01
    0287 0x00
    0288 0x00
    0289 0x81 push
    0290 0x06
    0291 0x00
    0292 0x00
    0293 0x00
    0294 0x82 pop
    0295 0x07
    0296 0x00
    0297 0x00
    0298 0x00
    0299 0x81 push
    0300 0x03
    0301 0x00
    0302 0x00
    0303 0x00
    0304 0x01 push
    0305 0x9A
    0306 0x99
    0307 0x99
    0308 0x99
    0309 0x99
    0310 0x99
    0311 0xF9
    0312 0x3F
    0313 0x06 div
    0314 0x0A dup
    0315 0x01 push
    0316 0x00
    0317 0x00
    0318 0x00
    0319 0x00
    0320 0x00
    0321 0x00
    0322 0x59
    0323 0x40
    0324 0x0D jb
    0325 0x4E
    0326 0x01
    0327 0x00
    0328 0x00
    0329 0x12 call
    0330 0xDC
    0331 0x02
    0332 0x00
    0333 0x00
    0334 0x82 pop
    0335 0x03
    0336 0x00
    0337 0x00
    0338 0x00
    0339 0x81 push
    0340 0x04
    0341 0x00
    0342 0x00
    0343 0x00
    0344 0x01 push
    0345 0x00
    0346 0x00
    0347 0x00
    0348 0x00
    0349 0x00
    0350 0x00
    0351 0xF8
    0352 0x3F
    0353 0x06 div
    0354 0x0A dup
    0355 0x01 push
    0356 0x00
    0357 0x00
    0358 0x00
    0359 0x00
    0360 0x00
    0361 0x00
    0362 0x49
    0363 0x40
    0364 0x0D jb
    0365 0x76
    0366 0x01
    0367 0x00
    0368 0x00
    0369 0x12 call
    0370 0xDC
    0371 0x02
    0372 0x00
    0373 0x00
    0374 0x82 pop
    0375 0x04
    0376 0x00
    0377 0x00
    0378 0x00
    0379 0x0B jump
    0380 0x90
    0381 0x00
    0382 0x00
    0383 0x00
    0384 0x00 hlt
    0385 0x41 push
    0386 0x04
    0387 0x0A dup
    0388 0x41 push
    0389 0x03
    0390 0x04 sub
    0391 0x0A dup
    0392 0x41 push
    0393 0x01
    0394 0x12 call
    0395 0xD8
    0396 0x01
    0397 0x00
    0398 0x00
    0399 0x41 push
    0400 0x01
    0401 0x01 push
    0402 0x00
    0403 0x00
    0404 0x00
    0405 0x00
    0406 0x00
    0407 0x00
    0408 0x00
    0409 0x40
    0410 0x06 div
    0411 0x04 sub
    0412 0x0A dup
    0413 0x05 mul
    0414 0x82 pop
    0415 0x00
    0416 0x00
    0417 0x00
    0418 0x00
    0419 0x12 call
    0420 0xF4
    0421 0x01
    0422 0x00
    0423 0x00
    0424 0x01 push
    0425 0x00
    0426 0x00
    0427 0x00
    0428 0x00
    0429 0x00
    0430 0x00
    0431 0xF0
    0432 0x3F
    0433 0x0C ja
    0434 0xC0
    0435 0x01
    0436 0x00
    0437 0x00
    0438 0x12 call
    0439 0xD4
    0440 0x02
    0441 0x00
    0442 0x00
    0443 0x0B jump
    0444 0xCB
    0445 0x01
    0446 0x00
    0447 0x00
    0448 0x01 push
    0449 0x00
    0450 0x00
    0451 0x00
    0452 0x00
    0453 0x00
    0454 0x00
    0455 0x00
    0456 0x00
    0457 0xC2 pop
    0458 0x04
    0459 0x01 push
    0460 0x00
    0461 0x00
    0462 0x00
    0463 0x00
    0464 0x00
    0465 0x00
    0466 0xF0
    0467 0x3F
    0468 0x03 add
    0469 0x42 pop
    0470 0x04
    0471 0x13 ret
    0472 0x06 div
    0473 0x18 floor
    0474 0x0A dup
    0475 0x41 push
    0476 0x02
    0477 0x01 push
    0478 0x00
    0479 0x00
    0480 0x00
    0481 0x00
    0482 0x00
    0483 0x00
    0484 0x00
    0485 0x40
    0486 0x06 div
    0487 0x04 sub
    0488 0x0A dup
    0489 0x05 mul
    0490 0x82 pop
    0491 0x01
    0492 0x00
    0493 0x00
    0494 0x00
    0495 0x41 push
    0496 0x01
    0497 0x05 mul
    0498 0x04 sub
    0499 0x13 ret
    0500 0x81 push
    0501 0x00
    0502 0x00
    0503 0x00
    0504 0x00
    0505 0x0A dup
    0506 0x01 push
    0507 0x00
    0508 0x00
    0509 0x00
    0510 0x00
    0511 0x00
    0512 0x00
    0513 0x00
    0514 0x00
    0515 0x11 jne
    0516 0x12
    0517 0x02
    0518 0x00
    0519 0x00
    0520 0x01 push
    0521 0x00
    0522 0x00
    0523 0x00
    0524 0x00
    0525 0x00
    0526 0x00
    0527 0xF0
    0528 0xBF
    0529 0x05 mul
    0530 0x81 push
    0531 0x03
    0532 0x00
    0533 0x00
    0534 0x00
    0535 0x06 div
    0536 0x81 push
    0537 0x01
    0538 0x00
    0539 0x00
    0540 0x00
    0541 0x0A dup
    0542 0x01 push
    0543 0x00
    0544 0x00
    0545 0x00
    0546 0x00
    0547 0x00
    0548 0x00
    0549 0x00
    0550 0x00
    0551 0x11 jne
    0552 0x36
    0553 0x02
    0554 0x00
    0555 0x00
    0556 0x01 push
    0557 0x00
    0558 0x00
    0559 0x00
    0560 0x00
    0561 0x00
    0562 0x00
    0563 0xF0
    0564 0xBF
    0565 0x05 mul
    0566 0x81 push
    0567 0x04
    0568 0x00
    0569 0x00
    0570 0x00
    0571 0x06 div
    0572 0x03 add
    0573 0x01 push
    0574 0x00
    0575 0x00
    0576 0x00
    0577 0x00
    0578 0x00
    0579 0x00
    0580 0xF0
    0581 0x3F
    0582 0x0E jae
    0583 0x55
    0584 0x02
    0585 0x00
    0586 0x00
    0587 0x01 push
    0588 0x00
    0589 0x00
    0590 0x00
    0591 0x00
    0592 0x00
    0593 0x00
    0594 0x00
    0595 0x00
    0596 0x13 ret
    0597 0x81 push
    0598 0x00
    0599 0x00
    0600 0x00
    0601 0x00
    0602 0x0A dup
    0603 0x01 push
    0604 0x00
    0605 0x00
    0606 0x00
    0607 0x00
    0608 0x00
    0609 0x00
    0610 0x00
    0611 0x00
    0612 0x11 jne
    0613 0x73
    0614 0x02
    0615 0x00
    0616 0x00
    0617 0x01 push
    0618 0x00
    0619 0x00
    0620 0x00
    0621 0x00
    0622 0x00
    0623 0x00
    0624 0xF0
    0625 0xBF
    0626 0x05 mul
    0627 0x81 push
    0628 0x03
    0629 0x00
    0630 0x00
    0631 0x00
    0632 0x01 push
    0633 0x00
    0634 0x00
    0635 0x00
    0636 0x00
    0637 0x00
    0638 0x00
    0639 0x00
    0640 0x40
    0641 0x06 div
    0642 0x06 div
    0643 0x81 push
    0644 0x01
    0645 0x00
    0646 0x00
    0647 0x00
    0648 0x0A dup
    0649 0x01 push
    0650 0x00
    0651 0x00
    0652 0x00
    0653 0x00
    0654 0x00
    0655 0x00
    0656 0x00
    0657 0x00
    0658 0x11 jne
    0659 0xA1
    0660 0x02
    0661 0x00
    0662 0x00
    0663 0x01 push
    0664 0x00
    0665 0x00
    0666 0x00
    0667 0x00
    0668 0x00
    0669 0x00
    0670 0xF0
    0671 0xBF
    0672 0x05 mul
    0673 0x81 push
    0674 0x04
    0675 0x00
    0676 0x00
    0677 0x00
    0678 0x01 push
    0679 0x00
    0680 0x00
    0681 0x00
    0682 0x00
    0683 0x00
    0684 0x00
    0685 0x00
    0686 0x40
    0687 0x06 div
    0688 0x06 div
    0689 0x03 add
    0690 0x01 push
    0691 0x00
    0692 0x00
    0693 0x00
    0694 0x00
    0695 0x00
    0696 0x00
    0697 0xF0
    0698 0x3F
    0699 0x0D jb
    0700 0xCA
    0701 0x02
    0702 0x00
    0703 0x00
    0704 0x01 push
    0705 0x00
    0706 0x00
    0707 0x00
    0708 0x00
    0709 0x00
    0710 0x00
    0711 0x00
    0712 0x00
    0713 0x13 ret
    0714 0x01 push
    0715 0x00
    0716 0x00
    0717 0x00
    0718 0x00
    0719 0x00
    0720 0x00
    0721 0xF0
    0722 0x3F
    0723 0x13 ret
    0724 0x81 push
    0725 0x05
    0726 0x00
    0727 0x00
    0728 0x00
    0729 0xC2 pop
    0730 0x04
    0731 0x13 ret
    0732 0x81 push
    0733 0x06
    0734 0x00
    0735 0x00
    0736 0x00
    0737 0x81 push
    0738 0x07
    0739 0x00
    0740 0x00
    0741 0x00
    0742 0x09 dump
    0743 0x11 jne
    0744 0x1D
    0745 0x03
    0746 0x00
    0747 0x00
    0748 0x81 push
    0749 0x06
    0750 0x00
    0751 0x00
    0752 0x00
    0753 0x01 push
    0754 0x00
    0755 0x00
    0756 0x00
    0757 0x00
    0758 0x00
    0759 0x00
    0760 0xF0
    0761 0x3F
    0762 0x10 je
    0763 0x0E
    0764 0x03
    0765 0x00
    0766 0x00
    0767 0x01 push
    0768 0x00
    0769 0x00
    0770 0x00
    0771 0x00
    0772 0x00
    0773 0x00
    0774 0xF0
    0775 0x3F
    0776 0x82 pop
    0777 0x06
    0778 0x00
    0779 0x00
    0780 0x00
    0781 0x13 ret
    0782 0x01 push
    0783 0x00
    0784 0x00
    0785 0x00
    0786 0x00
    0787 0x00
    0788 0x00
    0789 0x00
    0790 0x00
    0791 0x82 pop
    0792 0x06
    0793 0x00
    0794 0x00
    0795 0x00
    0796 0x13 ret
    0797 0x13 ret
---------------------------------------------------------------
Round 2 ended
---------------------------------------------------------------
---------------------------------------------------------------
freed label: 0   bgn             144   [90 00 00 00]
freed label: 1   strt            155   [9B 00 00 00]
freed label: 2   end             173   [AD 00 00 00]
freed label: 3   buf1            239   [EF 00 00 00]
freed label: 4   buf3            279   [17 01 00 00]
freed label: 5   anth            289   [21 01 00 00]
freed label: 6   buf6            334   [4E 01 00 00]
freed label: 7   buf8            374   [76 01 00 00]
freed label: 8   label4          379   [7B 01 00 00]
freed label: 9   foo             385   [81 01 00 00]
freed label: 10  else1           448   [C0 01 00 00]
freed label: 11  else2           459   [CB 01 00 00]
freed label: 12  Mod             472   [D8 01 00 00]
freed label: 13  if              500   [F4 01 00 00]
freed label: 14  l1              530   [12 02 00 00]
freed label: 15  l2              566   [36 02 00 00]
freed label: 16  da              597   [55 02 00 00]
freed label: 17  l3              627   [73 02 00 00]
freed label: 18  l4              673   [A1 02 00 00]
freed label: 19  daa             714   [CA 02 00 00]
freed label: 20  pnt             724   [D4 02 00 00]
freed label: 21  chng            732   [DC 02 00 00]
freed label: 22  chng1           782   [0E 03 00 00]
freed label: 23  rtrn            797   [1D 03 00 00]
---------------------------------------------------------------
sygnature 0xDA | version 0x01 (1) | size [1E 03 00 00] (798) | VRAM-size [00 32 00 00] (12800)
---------------------------------------------------------------
Compilation ended: Oct 16 2022 18:30:13
===============================================================
