===============================================================
LISTING
===============================================================
Compilation started: Oct 12 2022 15:44:45
---------------------------------------------------------------
    0000 x01 push
    0001 x00
    0002 x00
    0003 x00
    0004 x00
    0005 x00
    0006 x00
    0007 x14
    0008 x40
    0009 x01 push
    0010 x00
    0011 x00
    0012 x00
    0013 x00
    0014 x00
    0015 x80
    0016 x40
    0017 x40
    0018 x03 add
    0019 x0c call
skipped 4 bytes (label 'f1' not found)
    0024 x08 out
    0025 x00 hlt
added label: f1: 26  1a 00 00 00
    0026 x0a dup
    0027 x01 push
    0028 x00
    0029 x00
    0030 x00
    0031 x00
    0032 x00
    0033 x00
    0034 x43
    0035 x40
    0036 x8b je
skipped 4 bytes (label 'ef1' not found)
    0041 x01 push
    0042 x00
    0043 x00
    0044 x00
    0045 x00
    0046 x00
    0047 x00
    0048 x48
    0049 x40
added label: ef1: 50  32 00 00 00
    0050 x0d ret
---------------------------------------------------------------
Round 1 ended
---------------------------------------------------------------
    0000 x01 push
    0001 x00
    0002 x00
    0003 x00
    0004 x00
    0005 x00
    0006 x00
    0007 x14
    0008 x40
    0009 x01 push
    0010 x00
    0011 x00
    0012 x00
    0013 x00
    0014 x00
    0015 x80
    0016 x40
    0017 x40
    0018 x03 add
    0019 x0c call
    0020 x1a
    0021 x00
    0022 x00
    0023 x00
    0024 x08 out
    0025 x00 hlt
    0026 x0a dup
    0027 x01 push
    0028 x00
    0029 x00
    0030 x00
    0031 x00
    0032 x00
    0033 x00
    0034 x43
    0035 x40
    0036 x8b je
    0037 x32
    0038 x00
    0039 x00
    0040 x00
    0041 x01 push
    0042 x00
    0043 x00
    0044 x00
    0045 x00
    0046 x00
    0047 x00
    0048 x48
    0049 x40
    0050 x0d ret
---------------------------------------------------------------
Round 2 ended
---------------------------------------------------------------
---------------------------------------------------------------
freed label: 0 f1              26     1a 00 00 00
freed label: 1 ef1             50     32 00 00 00
---------------------------------------------------------------
sygnature 'da' version 01 (1) size 33 00 00 00  (51)
---------------------------------------------------------------
Compilation ended: Oct 12 2022 15:44:45
===============================================================
