===============================================================
LISTING
===============================================================
Compilation started: Oct 22 2022 18:07:23
---------------------------------------------------------------
    0000 0x19 vsetx
    0001 0x0A
    0002 0x00
    0003 0x00
    0004 0x00
    0005 0x1A vsety
    0006 0x0F
    0007 0x00
    0008 0x00
    0009 0x00
    0010 0x01 push
    0011 0x00
    0012 0x00
    0013 0x00
    0014 0x00
    0015 0x00
    0016 0x00
    0017 0x24
    0018 0x40
    0019 0x0A dup
    0020 0x42 pop
    0021 0x01
    0022 0x0A dup
    0023 0x01 push
    0024 0x00
    0025 0x00
    0026 0x00
    0027 0x00
    0028 0x00
    0029 0x00
    0030 0x00
    0031 0x40
    0032 0x06 div
    0033 0x18 floor
    0034 0x01 push
    0035 0x00
    0036 0x00
    0037 0x00
    0038 0x00
    0039 0x00
    0040 0x00
    0041 0x00
    0042 0x40
    0043 0x05 mul
    0044 0x42 pop
    0045 0x01
    0046 0x10 je
skipped 4 bytes (label 'label3' not found)
    0051 0x0A dup
    0052 0x41 push
    0053 0x01
    0054 0x0C ja
skipped 4 bytes (label 'label1' not found)
    0059 0x02 pop
    0060 0x02 pop
    0061 0x01 push
    0062 0x00
    0063 0x00
    0064 0x00
    0065 0x00
    0066 0x00
    0067 0x00
    0068 0x00
    0069 0x40
    0070 0x06 div
    0071 0x18 floor
added label: label1: 72  [48 00 00 00]
    0072 0x42 pop
    0073 0x01
    0074 0x01 push
    0075 0x00
    0076 0x00
    0077 0x00
    0078 0x00
    0079 0x00
    0080 0x00
    0081 0x2E
    0082 0x40
    0083 0x0A dup
    0084 0x42 pop
    0085 0x02
    0086 0x0A dup
    0087 0x01 push
    0088 0x00
    0089 0x00
    0090 0x00
    0091 0x00
    0092 0x00
    0093 0x00
    0094 0x00
    0095 0x40
    0096 0x06 div
    0097 0x18 floor
    0098 0x01 push
    0099 0x00
    0100 0x00
    0101 0x00
    0102 0x00
    0103 0x00
    0104 0x00
    0105 0x00
    0106 0x40
    0107 0x05 mul
    0108 0x42 pop
    0109 0x02
    0110 0x10 je
skipped 4 bytes (label 'label3' not found)
    0115 0x0A dup
    0116 0x41 push
    0117 0x02
    0118 0x0C ja
skipped 4 bytes (label 'label2' not found)
    0123 0x02 pop
    0124 0x02 pop
    0125 0x01 push
    0126 0x00
    0127 0x00
    0128 0x00
    0129 0x00
    0130 0x00
    0131 0x00
    0132 0x00
    0133 0x40
    0134 0x06 div
    0135 0x18 floor
added label: label2: 136  [88 00 00 00]
    0136 0x42 pop
    0137 0x02
    0138 0x41 push
    0139 0x01
    0140 0x41 push
    0141 0x02
    0142 0x08 out
    0143 0x08 out
    0144 0x0B jump
    0145 0xAA
    0146 0x00
    0147 0x00
    0148 0x00
    0149 0x00 hlt
    0150 0x01 push
    0151 0x00
    0152 0x00
    0153 0x00
    0154 0x00
    0155 0x00
    0156 0x00
    0157 0x59
    0158 0x40
    0159 0x42 pop
    0160 0x04
    0161 0x01 push
    0162 0x00
    0163 0x00
    0164 0x00
    0165 0x00
    0166 0x00
    0167 0x00
    0168 0xF0
    0169 0x3F
    0170 0x42 pop
    0171 0x03
    0172 0x01 push
    0173 0x00
    0174 0x00
    0175 0x00
    0176 0x00
    0177 0x00
    0178 0x00
    0179 0x00
    0180 0x40
    0181 0x82 pop
    0182 0x00
    0183 0x00
    0184 0x00
    0185 0x00
    0186 0x01 push
    0187 0x00
    0188 0x00
    0189 0x00
    0190 0x00
    0191 0x00
    0192 0x00
    0193 0xF0
    0194 0x3F
    0195 0x0A dup
    0196 0x42 pop
    0197 0x04
added label: cycle: 198  [C6 00 00 00]
    0198 0x01 push
    0199 0x00
    0200 0x00
    0201 0x00
    0202 0x00
    0203 0x00
    0204 0x00
    0205 0x5E
    0206 0x40
    0207 0x10 je
skipped 4 bytes (label 'out' not found)
    0212 0x41 push
    0213 0x04
    0214 0x01 push
    0215 0x00
    0216 0x00
    0217 0x00
    0218 0x00
    0219 0x00
    0220 0x00
    0221 0xF0
    0222 0x3F
    0223 0x03 add
    0224 0x0A dup
    0225 0x42 pop
    0226 0x04
    0227 0xC2 pop
    0228 0x04
    0229 0x41 push
    0230 0x04
    0231 0x0B jump
    0232 0xC6
    0233 0x00
    0234 0x00
    0235 0x00
added label: out: 236  [EC 00 00 00]
    0236 0x12 call
skipped 4 bytes (label 'foo' not found)
    0241 0x1B updscr
    0242 0x00 hlt
added label: foo: 243  [F3 00 00 00]
    0243 0x42 pop
    0244 0x03
    0245 0x41 push
    0246 0x04
    0247 0x13 ret
added label: label3: 248  [F8 00 00 00]
    0248 0x01 push
    0249 0x00
    0250 0x00
    0251 0x00
    0252 0x00
    0253 0x00
    0254 0x00
    0255 0xF0
    0256 0x3F
    0257 0x03 add
    0258 0x01 push
    0259 0x00
    0260 0x00
    0261 0x00
    0262 0x00
    0263 0x00
    0264 0x00
    0265 0x00
    0266 0x40
    0267 0x06 div
    0268 0x18 floor
    0269 0x13 ret
---------------------------------------------------------------
Round 1 ended
---------------------------------------------------------------
    0000 0x19 vsetx
    0001 0x0A
    0002 0x00
    0003 0x00
    0004 0x00
    0005 0x1A vsety
    0006 0x0F
    0007 0x00
    0008 0x00
    0009 0x00
    0010 0x01 push
    0011 0x00
    0012 0x00
    0013 0x00
    0014 0x00
    0015 0x00
    0016 0x00
    0017 0x24
    0018 0x40
    0019 0x0A dup
    0020 0x42 pop
    0021 0x01
    0022 0x0A dup
    0023 0x01 push
    0024 0x00
    0025 0x00
    0026 0x00
    0027 0x00
    0028 0x00
    0029 0x00
    0030 0x00
    0031 0x40
    0032 0x06 div
    0033 0x18 floor
    0034 0x01 push
    0035 0x00
    0036 0x00
    0037 0x00
    0038 0x00
    0039 0x00
    0040 0x00
    0041 0x00
    0042 0x40
    0043 0x05 mul
    0044 0x42 pop
    0045 0x01
    0046 0x10 je
    0047 0xF8
    0048 0x00
    0049 0x00
    0050 0x00
    0051 0x0A dup
    0052 0x41 push
    0053 0x01
    0054 0x0C ja
    0055 0x48
    0056 0x00
    0057 0x00
    0058 0x00
    0059 0x02 pop
    0060 0x02 pop
    0061 0x01 push
    0062 0x00
    0063 0x00
    0064 0x00
    0065 0x00
    0066 0x00
    0067 0x00
    0068 0x00
    0069 0x40
    0070 0x06 div
    0071 0x18 floor
    0072 0x42 pop
    0073 0x01
    0074 0x01 push
    0075 0x00
    0076 0x00
    0077 0x00
    0078 0x00
    0079 0x00
    0080 0x00
    0081 0x2E
    0082 0x40
    0083 0x0A dup
    0084 0x42 pop
    0085 0x02
    0086 0x0A dup
    0087 0x01 push
    0088 0x00
    0089 0x00
    0090 0x00
    0091 0x00
    0092 0x00
    0093 0x00
    0094 0x00
    0095 0x40
    0096 0x06 div
    0097 0x18 floor
    0098 0x01 push
    0099 0x00
    0100 0x00
    0101 0x00
    0102 0x00
    0103 0x00
    0104 0x00
    0105 0x00
    0106 0x40
    0107 0x05 mul
    0108 0x42 pop
    0109 0x02
    0110 0x10 je
    0111 0xF8
    0112 0x00
    0113 0x00
    0114 0x00
    0115 0x0A dup
    0116 0x41 push
    0117 0x02
    0118 0x0C ja
    0119 0x88
    0120 0x00
    0121 0x00
    0122 0x00
    0123 0x02 pop
    0124 0x02 pop
    0125 0x01 push
    0126 0x00
    0127 0x00
    0128 0x00
    0129 0x00
    0130 0x00
    0131 0x00
    0132 0x00
    0133 0x40
    0134 0x06 div
    0135 0x18 floor
    0136 0x42 pop
    0137 0x02
    0138 0x41 push
    0139 0x01
    0140 0x41 push
    0141 0x02
    0142 0x08 out
    0143 0x08 out
    0144 0x0B jump
    0145 0xAA
    0146 0x00
    0147 0x00
    0148 0x00
    0149 0x00 hlt
    0150 0x01 push
    0151 0x00
    0152 0x00
    0153 0x00
    0154 0x00
    0155 0x00
    0156 0x00
    0157 0x59
    0158 0x40
    0159 0x42 pop
    0160 0x04
    0161 0x01 push
    0162 0x00
    0163 0x00
    0164 0x00
    0165 0x00
    0166 0x00
    0167 0x00
    0168 0xF0
    0169 0x3F
    0170 0x42 pop
    0171 0x03
    0172 0x01 push
    0173 0x00
    0174 0x00
    0175 0x00
    0176 0x00
    0177 0x00
    0178 0x00
    0179 0x00
    0180 0x40
    0181 0x82 pop
    0182 0x00
    0183 0x00
    0184 0x00
    0185 0x00
    0186 0x01 push
    0187 0x00
    0188 0x00
    0189 0x00
    0190 0x00
    0191 0x00
    0192 0x00
    0193 0xF0
    0194 0x3F
    0195 0x0A dup
    0196 0x42 pop
    0197 0x04
    0198 0x01 push
    0199 0x00
    0200 0x00
    0201 0x00
    0202 0x00
    0203 0x00
    0204 0x00
    0205 0x5E
    0206 0x40
    0207 0x10 je
    0208 0xEC
    0209 0x00
    0210 0x00
    0211 0x00
    0212 0x41 push
    0213 0x04
    0214 0x01 push
    0215 0x00
    0216 0x00
    0217 0x00
    0218 0x00
    0219 0x00
    0220 0x00
    0221 0xF0
    0222 0x3F
    0223 0x03 add
    0224 0x0A dup
    0225 0x42 pop
    0226 0x04
    0227 0xC2 pop
    0228 0x04
    0229 0x41 push
    0230 0x04
    0231 0x0B jump
    0232 0xC6
    0233 0x00
    0234 0x00
    0235 0x00
    0236 0x12 call
    0237 0xF3
    0238 0x00
    0239 0x00
    0240 0x00
    0241 0x1B updscr
    0242 0x00 hlt
    0243 0x42 pop
    0244 0x03
    0245 0x41 push
    0246 0x04
    0247 0x13 ret
    0248 0x01 push
    0249 0x00
    0250 0x00
    0251 0x00
    0252 0x00
    0253 0x00
    0254 0x00
    0255 0xF0
    0256 0x3F
    0257 0x03 add
    0258 0x01 push
    0259 0x00
    0260 0x00
    0261 0x00
    0262 0x00
    0263 0x00
    0264 0x00
    0265 0x00
    0266 0x40
    0267 0x06 div
    0268 0x18 floor
    0269 0x13 ret
---------------------------------------------------------------
Round 2 ended
---------------------------------------------------------------
---------------------------------------------------------------
freed label: 0   label1          72    [48 00 00 00]
freed label: 1   label2          136   [88 00 00 00]
freed label: 2   cycle           198   [C6 00 00 00]
freed label: 3   out             236   [EC 00 00 00]
freed label: 4   foo             243   [F3 00 00 00]
freed label: 5   label3          248   [F8 00 00 00]
---------------------------------------------------------------
sygnature 0xDA | version 0x01 (1) | size [0E 01 00 00] (270) | VRAM-size [96 00 00 00] (150)
---------------------------------------------------------------
Compilation ended: Oct 22 2022 18:07:23
===============================================================
