===============================================================
LISTING
===============================================================
Compilation started: Oct 22 2022 01:11:08
---------------------------------------------------------------
    0000 0x02 pop
added label: bax: 1  [01 00 00 00]
    0001 0x01 push
    0002 0x00
    0003 0x00
    0004 0x00
    0005 0x00
    0006 0x00
    0007 0x00
    0008 0x08
    0009 0x40
    0010 0x42 pop
    0011 0x01
    0012 0x41 push
    0013 0x01
    0014 0x01 push
    0015 0x00
    0016 0x00
    0017 0x00
    0018 0x00
    0019 0x00
    0020 0x00
    0021 0x14
    0022 0x40
    0023 0xC2 pop
    0024 0x03
    0025 0x0A dup
    0026 0x0A dup
    0027 0x03 add
    0028 0x01 push
    0029 0x00
    0030 0x00
    0031 0x00
    0032 0x00
    0033 0x00
    0034 0x00
    0035 0xF0
    0036 0x3F
    0037 0x12 call
skipped 4 bytes (label 'juju' not found)
    0042 0x09 dump
added label: end: 43  [2B 00 00 00]
    0043 0x09 dump
    0044 0x00 hlt
added label: juju: 45  [2D 00 00 00]
    0045 0x01 push
    0046 0x00
    0047 0x00
    0048 0x00
    0049 0x00
    0050 0x00
    0051 0x00
    0052 0xF0
    0053 0x3F
    0054 0x03 add
    0055 0x0A dup
    0056 0x01 push
    0057 0x00
    0058 0x00
    0059 0x00
    0060 0x00
    0061 0x00
    0062 0x00
    0063 0x14
    0064 0x40
    0065 0x10 je
    0066 0x2B
    0067 0x00
    0068 0x00
    0069 0x00
    0070 0x09 dump
    0071 0x12 call
    0072 0x2D
    0073 0x00
    0074 0x00
    0075 0x00
    0076 0x13 ret
---------------------------------------------------------------
Round 1 ended
---------------------------------------------------------------
    0000 0x02 pop
    0001 0x01 push
    0002 0x00
    0003 0x00
    0004 0x00
    0005 0x00
    0006 0x00
    0007 0x00
    0008 0x08
    0009 0x40
    0010 0x42 pop
    0011 0x01
    0012 0x41 push
    0013 0x01
    0014 0x01 push
    0015 0x00
    0016 0x00
    0017 0x00
    0018 0x00
    0019 0x00
    0020 0x00
    0021 0x14
    0022 0x40
    0023 0xC2 pop
    0024 0x03
    0025 0x0A dup
    0026 0x0A dup
    0027 0x03 add
    0028 0x01 push
    0029 0x00
    0030 0x00
    0031 0x00
    0032 0x00
    0033 0x00
    0034 0x00
    0035 0xF0
    0036 0x3F
    0037 0x12 call
    0038 0x2D
    0039 0x00
    0040 0x00
    0041 0x00
    0042 0x09 dump
    0043 0x09 dump
    0044 0x00 hlt
    0045 0x01 push
    0046 0x00
    0047 0x00
    0048 0x00
    0049 0x00
    0050 0x00
    0051 0x00
    0052 0xF0
    0053 0x3F
    0054 0x03 add
    0055 0x0A dup
    0056 0x01 push
    0057 0x00
    0058 0x00
    0059 0x00
    0060 0x00
    0061 0x00
    0062 0x00
    0063 0x14
    0064 0x40
    0065 0x10 je
    0066 0x2B
    0067 0x00
    0068 0x00
    0069 0x00
    0070 0x09 dump
    0071 0x12 call
    0072 0x2D
    0073 0x00
    0074 0x00
    0075 0x00
    0076 0x13 ret
---------------------------------------------------------------
Round 2 ended
---------------------------------------------------------------
---------------------------------------------------------------
freed label: 0   bax             1     [01 00 00 00]
freed label: 1   end             43    [2B 00 00 00]
freed label: 2   juju            45    [2D 00 00 00]
---------------------------------------------------------------
sygnature 0xDA | version 0x01 (1) | size [4D 00 00 00] (77) | VRAM-size [00 00 00 00] (0)
---------------------------------------------------------------
Compilation ended: Oct 22 2022 01:11:08
===============================================================
